<?xml version="1.0" encoding="UTF-8"?>
<testsuite xmlns:xsi="http://www.w3.org/2001/XMLSchema-instance" xsi:noNamespaceSchemaLocation="https://maven.apache.org/surefire/maven-surefire-plugin/xsd/surefire-test-report-3.0.xsd" version="3.0" name="moneymate.service.TransactionServiceTest" time="0.113" tests="5" errors="0" skipped="0" failures="0">
  <properties>
[...]
</properties>
  <testcase name="testGetExpenseByCategory" classname="moneymate.service.TransactionServiceTest" time="0.039"/>
  <testcase name="testGetTotalExpense" classname="moneymate.service.TransactionServiceTest" time="0.006"/>
  <testcase name="testGetNetBalance" classname="moneymate.service.TransactionServiceTest" time="0.004"/>
  <testcase name="testGetTotalIncome" classname="moneymate.service.TransactionServiceTest" time="0.001"/>
  <testcase name="testGetBudgetWarnings" classname="moneymate.service.TransactionServiceTest" time="0.025"/>
</testsuite>